<?xml version="1.0" encoding="UTF-8"?>
<testsuite xmlns:xsi="http://www.w3.org/2001/XMLSchema-instance" xsi:noNamespaceSchemaLocation="https://maven.apache.org/surefire/maven-surefire-plugin/xsd/surefire-test-report.xsd" version="3.0.2" name="com.java.carparts.domain.dto.OrderItemTest" time="0.148" tests="13" errors="0" skipped="0" failures="0" flakes="0">
  <properties>
[...]
</properties>
  <testcase name="lineTotal_csvSource(String, int, String)[1]" classname="com.java.carparts.domain.dto.OrderItemTest" time="0.022"/>
  <testcase name="lineTotal_csvSource(String, int, String)[2]" classname="com.java.carparts.domain.dto.OrderItemTest" time="0.001"/>
  <testcase name="lineTotal_csvSource(String, int, String)[3]" classname="com.java.carparts.domain.dto.OrderItemTest" time="0.001"/>
  <testcase name="lineTotal_csvSource(String, int, String)[4]" classname="com.java.carparts.domain.dto.OrderItemTest" time="0.002"/>
  <testcase name="lineTotal_valueSource(String)[1]" classname="com.java.carparts.domain.dto.OrderItemTest" time="0.003"/>
  <testcase name="lineTotal_valueSource(String)[2]" classname="com.java.carparts.domain.dto.OrderItemTest" time="0.002"/>
  <testcase name="lineTotal_valueSource(String)[3]" classname="com.java.carparts.domain.dto.OrderItemTest" time="0.003"/>
  <testcase name="lineTotal_valueSource(String)[4]" classname="com.java.carparts.domain.dto.OrderItemTest" time="0.002"/>
  <testcase name="lineTotal_methodSource(BigDecimal, int, BigDecimal)[1]" classname="com.java.carparts.domain.dto.OrderItemTest" time="0.003"/>
  <testcase name="lineTotal_methodSource(BigDecimal, int, BigDecimal)[2]" classname="com.java.carparts.domain.dto.OrderItemTest" time="0.002"/>
  <testcase name="lineTotal_methodSource(BigDecimal, int, BigDecimal)[3]" classname="com.java.carparts.domain.dto.OrderItemTest" time="0.002"/>
  <testcase name="lineTotal_methodSource(BigDecimal, int, BigDecimal)[4]" classname="com.java.carparts.domain.dto.OrderItemTest" time="0.002"/>
  <testcase name="lineTotal_methodSource(BigDecimal, int, BigDecimal)[5]" classname="com.java.carparts.domain.dto.OrderItemTest" time="0.001"/>
</testsuite>